2020-01-16 16:22:22  [ main:0 ] - [ INFO ] method:io.undertow.websockets.jsr.ServerWebSocketContainer.addEndpointInternal(ServerWebSocketContainer.java:633)
UT026003: Adding annotated server endpoint class com.xiaosong.common.api.websocket.WebSocketEndPoint for path /visitor/chat
 2020-01-16 16:22:51  [ main:0 ] - [ INFO ] method:io.undertow.websockets.jsr.ServerWebSocketContainer.addEndpointInternal(ServerWebSocketContainer.java:633)
UT026003: Adding annotated server endpoint class com.xiaosong.common.api.websocket.WebSocketEndPoint for path /visitor/chat
 2020-01-16 16:22:51  [ main:850 ] - [ INFO ] method:com.alibaba.druid.pool.DruidDataSource.init(DruidDataSource.java:785)
{dataSource-1} inited
 2020-01-16 16:22:51  [ main:897 ] - [ ERROR ] method:net.sf.log4jdbc.Slf4jSpyLogDelegator.exceptionOccured(Slf4jSpyLogDelegator.java:116)
 com.alibaba.druid.filter.FilterChainImpl.statement_executeQuery(FilterChainImpl.java:2363)
1. select * from `v_app_user_notice` where 1 = 2 

 com.mysql.jdbc.exceptions.jdbc4.MySQLSyntaxErrorException: Table 'innervisitor.v_app_user_notice' doesn't exist
	at sun.reflect.NativeConstructorAccessorImpl.newInstance0(Native Method)
	at sun.reflect.NativeConstructorAccessorImpl.newInstance(NativeConstructorAccessorImpl.java:62)
	at sun.reflect.DelegatingConstructorAccessorImpl.newInstance(DelegatingConstructorAccessorImpl.java:45)
	at java.lang.reflect.Constructor.newInstance(Constructor.java:423)
	at com.mysql.jdbc.Util.handleNewInstance(Util.java:425)
	at com.mysql.jdbc.Util.getInstance(Util.java:408)
	at com.mysql.jdbc.SQLError.createSQLException(SQLError.java:943)
	at com.mysql.jdbc.MysqlIO.checkErrorPacket(MysqlIO.java:3973)
	at com.mysql.jdbc.MysqlIO.checkErrorPacket(MysqlIO.java:3909)
	at com.mysql.jdbc.MysqlIO.sendCommand(MysqlIO.java:2527)
	at com.mysql.jdbc.MysqlIO.sqlQueryDirect(MysqlIO.java:2680)
	at com.mysql.jdbc.ConnectionImpl.execSQL(ConnectionImpl.java:2483)
	at com.mysql.jdbc.ConnectionImpl.execSQL(ConnectionImpl.java:2441)
	at com.mysql.jdbc.StatementImpl.executeQuery(StatementImpl.java:1381)
	at net.sf.log4jdbc.StatementSpy.executeQuery(StatementSpy.java:664)
	at com.alibaba.druid.filter.FilterChainImpl.statement_executeQuery(FilterChainImpl.java:2363)
	at com.alibaba.druid.filter.FilterAdapter.statement_executeQuery(FilterAdapter.java:2481)
	at com.alibaba.druid.filter.FilterEventAdapter.statement_executeQuery(FilterEventAdapter.java:302)
	at com.alibaba.druid.filter.FilterChainImpl.statement_executeQuery(FilterChainImpl.java:2360)
	at com.alibaba.druid.proxy.jdbc.StatementProxyImpl.executeQuery(StatementProxyImpl.java:211)
	at com.alibaba.druid.pool.DruidPooledStatement.executeQuery(DruidPooledStatement.java:140)
	at com.jfinal.plugin.activerecord.TableBuilder.doBuild(TableBuilder.java:71)
	at com.jfinal.plugin.activerecord.TableBuilder.build(TableBuilder.java:47)
	at com.jfinal.plugin.activerecord.ActiveRecordPlugin.start(ActiveRecordPlugin.java:226)
	at com.jfinal.core.Config.startPlugins(Config.java:128)
	at com.jfinal.core.Config.configPluginWithOrder(Config.java:71)
	at com.jfinal.core.Config.configJFinal(Config.java:59)
	at com.jfinal.core.JFinal.init(JFinal.java:61)
	at com.jfinal.core.JFinalFilter.init(JFinalFilter.java:64)
	at io.undertow.servlet.core.LifecyleInterceptorInvocation.proceed(LifecyleInterceptorInvocation.java:111)
	at io.undertow.servlet.core.ManagedFilter.createFilter(ManagedFilter.java:80)
	at io.undertow.servlet.core.DeploymentManagerImpl$2.call(DeploymentManagerImpl.java:591)
	at io.undertow.servlet.core.DeploymentManagerImpl$2.call(DeploymentManagerImpl.java:556)
	at io.undertow.servlet.core.ServletRequestContextThreadSetupAction$1.call(ServletRequestContextThreadSetupAction.java:42)
	at io.undertow.servlet.core.ContextClassLoaderSetupAction$1.call(ContextClassLoaderSetupAction.java:43)
	at io.undertow.servlet.core.DeploymentManagerImpl.start(DeploymentManagerImpl.java:598)
	at com.jfinal.server.undertow.UndertowServer.configHttp(UndertowServer.java:284)
	at com.jfinal.server.undertow.UndertowServer.doStart(UndertowServer.java:262)
	at com.jfinal.server.undertow.UndertowServer.start(UndertowServer.java:159)
	at com.xiaosong.MainConfig.main(MainConfig.java:55)
2020-01-16 16:22:51  [ main:903 ] - [ ERROR ] method:com.alibaba.druid.filter.logging.Log4jFilter.statementLogError(Log4jFilter.java:152)
{conn-10001, stmt-20011} execute error. select * from `v_app_user_notice` where 1 = 2
 com.mysql.jdbc.exceptions.jdbc4.MySQLSyntaxErrorException: Table 'innervisitor.v_app_user_notice' doesn't exist
	at sun.reflect.NativeConstructorAccessorImpl.newInstance0(Native Method)
	at sun.reflect.NativeConstructorAccessorImpl.newInstance(NativeConstructorAccessorImpl.java:62)
	at sun.reflect.DelegatingConstructorAccessorImpl.newInstance(DelegatingConstructorAccessorImpl.java:45)
	at java.lang.reflect.Constructor.newInstance(Constructor.java:423)
	at com.mysql.jdbc.Util.handleNewInstance(Util.java:425)
	at com.mysql.jdbc.Util.getInstance(Util.java:408)
	at com.mysql.jdbc.SQLError.createSQLException(SQLError.java:943)
	at com.mysql.jdbc.MysqlIO.checkErrorPacket(MysqlIO.java:3973)
	at com.mysql.jdbc.MysqlIO.checkErrorPacket(MysqlIO.java:3909)
	at com.mysql.jdbc.MysqlIO.sendCommand(MysqlIO.java:2527)
	at com.mysql.jdbc.MysqlIO.sqlQueryDirect(MysqlIO.java:2680)
	at com.mysql.jdbc.ConnectionImpl.execSQL(ConnectionImpl.java:2483)
	at com.mysql.jdbc.ConnectionImpl.execSQL(ConnectionImpl.java:2441)
	at com.mysql.jdbc.StatementImpl.executeQuery(StatementImpl.java:1381)
	at net.sf.log4jdbc.StatementSpy.executeQuery(StatementSpy.java:664)
	at com.alibaba.druid.filter.FilterChainImpl.statement_executeQuery(FilterChainImpl.java:2363)
	at com.alibaba.druid.filter.FilterAdapter.statement_executeQuery(FilterAdapter.java:2481)
	at com.alibaba.druid.filter.FilterEventAdapter.statement_executeQuery(FilterEventAdapter.java:302)
	at com.alibaba.druid.filter.FilterChainImpl.statement_executeQuery(FilterChainImpl.java:2360)
	at com.alibaba.druid.proxy.jdbc.StatementProxyImpl.executeQuery(StatementProxyImpl.java:211)
	at com.alibaba.druid.pool.DruidPooledStatement.executeQuery(DruidPooledStatement.java:140)
	at com.jfinal.plugin.activerecord.TableBuilder.doBuild(TableBuilder.java:71)
	at com.jfinal.plugin.activerecord.TableBuilder.build(TableBuilder.java:47)
	at com.jfinal.plugin.activerecord.ActiveRecordPlugin.start(ActiveRecordPlugin.java:226)
	at com.jfinal.core.Config.startPlugins(Config.java:128)
	at com.jfinal.core.Config.configPluginWithOrder(Config.java:71)
	at com.jfinal.core.Config.configJFinal(Config.java:59)
	at com.jfinal.core.JFinal.init(JFinal.java:61)
	at com.jfinal.core.JFinalFilter.init(JFinalFilter.java:64)
	at io.undertow.servlet.core.LifecyleInterceptorInvocation.proceed(LifecyleInterceptorInvocation.java:111)
	at io.undertow.servlet.core.ManagedFilter.createFilter(ManagedFilter.java:80)
	at io.undertow.servlet.core.DeploymentManagerImpl$2.call(DeploymentManagerImpl.java:591)
	at io.undertow.servlet.core.DeploymentManagerImpl$2.call(DeploymentManagerImpl.java:556)
	at io.undertow.servlet.core.ServletRequestContextThreadSetupAction$1.call(ServletRequestContextThreadSetupAction.java:42)
	at io.undertow.servlet.core.ContextClassLoaderSetupAction$1.call(ContextClassLoaderSetupAction.java:43)
	at io.undertow.servlet.core.DeploymentManagerImpl.start(DeploymentManagerImpl.java:598)
	at com.jfinal.server.undertow.UndertowServer.configHttp(UndertowServer.java:284)
	at com.jfinal.server.undertow.UndertowServer.doStart(UndertowServer.java:262)
	at com.jfinal.server.undertow.UndertowServer.start(UndertowServer.java:159)
	at com.xiaosong.MainConfig.main(MainConfig.java:55)
2020-01-16 16:22:51  [ main:905 ] - [ ERROR ] method:com.jfinal.core.Config.startPlugins(Config.java:136)
Plugin start error: com.jfinal.plugin.activerecord.ActiveRecordPlugin. 
com.mysql.jdbc.exceptions.jdbc4.MySQLSyntaxErrorException: Table 'innervisitor.v_app_user_notice' doesn't exist
 com.jfinal.plugin.activerecord.ActiveRecordException: com.mysql.jdbc.exceptions.jdbc4.MySQLSyntaxErrorException: Table 'innervisitor.v_app_user_notice' doesn't exist
	at com.jfinal.plugin.activerecord.TableBuilder.build(TableBuilder.java:55)
	at com.jfinal.plugin.activerecord.ActiveRecordPlugin.start(ActiveRecordPlugin.java:226)
	at com.jfinal.core.Config.startPlugins(Config.java:128)
	at com.jfinal.core.Config.configPluginWithOrder(Config.java:71)
	at com.jfinal.core.Config.configJFinal(Config.java:59)
	at com.jfinal.core.JFinal.init(JFinal.java:61)
	at com.jfinal.core.JFinalFilter.init(JFinalFilter.java:64)
	at io.undertow.servlet.core.LifecyleInterceptorInvocation.proceed(LifecyleInterceptorInvocation.java:111)
	at io.undertow.servlet.core.ManagedFilter.createFilter(ManagedFilter.java:80)
	at io.undertow.servlet.core.DeploymentManagerImpl$2.call(DeploymentManagerImpl.java:591)
	at io.undertow.servlet.core.DeploymentManagerImpl$2.call(DeploymentManagerImpl.java:556)
	at io.undertow.servlet.core.ServletRequestContextThreadSetupAction$1.call(ServletRequestContextThreadSetupAction.java:42)
	at io.undertow.servlet.core.ContextClassLoaderSetupAction$1.call(ContextClassLoaderSetupAction.java:43)
	at io.undertow.servlet.core.DeploymentManagerImpl.start(DeploymentManagerImpl.java:598)
	at com.jfinal.server.undertow.UndertowServer.configHttp(UndertowServer.java:284)
	at com.jfinal.server.undertow.UndertowServer.doStart(UndertowServer.java:262)
	at com.jfinal.server.undertow.UndertowServer.start(UndertowServer.java:159)
	at com.xiaosong.MainConfig.main(MainConfig.java:55)
Caused by: com.mysql.jdbc.exceptions.jdbc4.MySQLSyntaxErrorException: Table 'innervisitor.v_app_user_notice' doesn't exist
	at sun.reflect.NativeConstructorAccessorImpl.newInstance0(Native Method)
	at sun.reflect.NativeConstructorAccessorImpl.newInstance(NativeConstructorAccessorImpl.java:62)
	at sun.reflect.DelegatingConstructorAccessorImpl.newInstance(DelegatingConstructorAccessorImpl.java:45)
	at java.lang.reflect.Constructor.newInstance(Constructor.java:423)
	at com.mysql.jdbc.Util.handleNewInstance(Util.java:425)
	at com.mysql.jdbc.Util.getInstance(Util.java:408)
	at com.mysql.jdbc.SQLError.createSQLException(SQLError.java:943)
	at com.mysql.jdbc.MysqlIO.checkErrorPacket(MysqlIO.java:3973)
	at com.mysql.jdbc.MysqlIO.checkErrorPacket(MysqlIO.java:3909)
	at com.mysql.jdbc.MysqlIO.sendCommand(MysqlIO.java:2527)
	at com.mysql.jdbc.MysqlIO.sqlQueryDirect(MysqlIO.java:2680)
	at com.mysql.jdbc.ConnectionImpl.execSQL(ConnectionImpl.java:2483)
	at com.mysql.jdbc.ConnectionImpl.execSQL(ConnectionImpl.java:2441)
	at com.mysql.jdbc.StatementImpl.executeQuery(StatementImpl.java:1381)
	at net.sf.log4jdbc.StatementSpy.executeQuery(StatementSpy.java:664)
	at com.alibaba.druid.filter.FilterChainImpl.statement_executeQuery(FilterChainImpl.java:2363)
	at com.alibaba.druid.filter.FilterAdapter.statement_executeQuery(FilterAdapter.java:2481)
	at com.alibaba.druid.filter.FilterEventAdapter.statement_executeQuery(FilterEventAdapter.java:302)
	at com.alibaba.druid.filter.FilterChainImpl.statement_executeQuery(FilterChainImpl.java:2360)
	at com.alibaba.druid.proxy.jdbc.StatementProxyImpl.executeQuery(StatementProxyImpl.java:211)
	at com.alibaba.druid.pool.DruidPooledStatement.executeQuery(DruidPooledStatement.java:140)
	at com.jfinal.plugin.activerecord.TableBuilder.doBuild(TableBuilder.java:71)
	at com.jfinal.plugin.activerecord.TableBuilder.build(TableBuilder.java:47)
	... 17 more
2020-01-16 16:27:00  [ main:0 ] - [ INFO ] method:io.undertow.websockets.jsr.ServerWebSocketContainer.addEndpointInternal(ServerWebSocketContainer.java:633)
UT026003: Adding annotated server endpoint class com.xiaosong.common.api.websocket.WebSocketEndPoint for path /visitor/chat
 2020-01-16 16:27:00  [ main:584 ] - [ INFO ] method:com.alibaba.druid.pool.DruidDataSource.init(DruidDataSource.java:785)
{dataSource-1} inited
 2020-01-16 16:27:01  [ main:1333 ] - [ INFO ] method:io.undertow.Undertow.start(Undertow.java:117)
starting server: Undertow - 2.0.28.Final
 2020-01-16 16:27:01  [ main:1345 ] - [ INFO ] method:org.xnio.Xnio.<clinit>(Xnio.java:104)
XNIO version 3.3.8.Final
 2020-01-16 16:27:01  [ main:1357 ] - [ INFO ] method:org.xnio.nio.NioXnio.<clinit>(NioXnio.java:55)
XNIO NIO Implementation Version 3.3.8.Final
 2020-01-16 16:31:29  [ XNIO-1 task-4:269593 ] - [ WARN ] method:com.jfinal.core.ActionHandler.handle(ActionHandler.java:74)
404 Action Not Found: /visitor/web/deptUser/findList?currentPage=1&pageSize=10&token=3f5098eb-975b-4876-9cf1-bbad0421ad10
 2020-01-16 16:31:32  [ XNIO-1 task-1:271784 ] - [ WARN ] method:com.jfinal.core.ActionHandler.handle(ActionHandler.java:74)
404 Action Not Found: /visitor/web/deptUser/findList?currentPage=1&pageSize=10&token=3f5098eb-975b-4876-9cf1-bbad0421ad10
 2020-01-16 16:32:40  [ XNIO-1 task-3:339979 ] - [ WARN ] method:com.jfinal.core.ActionHandler.handle(ActionHandler.java:74)
404 Action Not Found: /visitor/web/deptUser/findList?currentPage=1&pageSize=10&token=3f5098eb-975b-4876-9cf1-bbad0421ad10
 2020-01-16 16:34:15  [ XNIO-1 task-2:434839 ] - [ WARN ] method:com.jfinal.core.ActionHandler.handle(ActionHandler.java:74)
404 Action Not Found: /visitor/web/deptUser/findList?currentPage=1&pageSize=10&token=3f5098eb-975b-4876-9cf1-bbad0421ad10
 2020-01-16 16:34:28  [ XNIO-1 task-4:448149 ] - [ WARN ] method:com.jfinal.core.ActionHandler.handle(ActionHandler.java:74)
404 Action Not Found: /visitor/web/deptUser/findList?currentPage=1&pageSize=10&token=3f5098eb-975b-4876-9cf1-bbad0421ad10
 2020-01-16 16:35:11  [ XNIO-1 task-2:490833 ] - [ WARN ] method:com.jfinal.core.ActionHandler.handle(ActionHandler.java:74)
404 Action Not Found: /visitor/web/deptUser/findList?currentPage=1&pageSize=10&token=3f5098eb-975b-4876-9cf1-bbad0421ad10
 2020-01-16 16:38:08  [ main:0 ] - [ INFO ] method:io.undertow.websockets.jsr.ServerWebSocketContainer.addEndpointInternal(ServerWebSocketContainer.java:633)
UT026003: Adding annotated server endpoint class com.xiaosong.common.api.websocket.WebSocketEndPoint for path /visitor/chat
 2020-01-16 16:38:09  [ main:977 ] - [ INFO ] method:com.alibaba.druid.pool.DruidDataSource.init(DruidDataSource.java:785)
{dataSource-1} inited
 2020-01-16 16:38:13  [ main:4434 ] - [ INFO ] method:io.undertow.Undertow.start(Undertow.java:117)
starting server: Undertow - 2.0.28.Final
 2020-01-16 16:38:13  [ main:4447 ] - [ INFO ] method:org.xnio.Xnio.<clinit>(Xnio.java:104)
XNIO version 3.3.8.Final
 2020-01-16 16:38:13  [ main:4463 ] - [ INFO ] method:org.xnio.nio.NioXnio.<clinit>(NioXnio.java:55)
XNIO NIO Implementation Version 3.3.8.Final
 2020-01-16 16:42:09  [ HotSwapWatcher:240546 ] - [ INFO ] method:com.alibaba.druid.pool.DruidDataSource.close(DruidDataSource.java:1534)
{dataSource-1} closed
 2020-01-16 16:42:09  [ HotSwapWatcher:240547 ] - [ INFO ] method:io.undertow.Undertow.stop(Undertow.java:252)
stopping server: Undertow - 2.0.28.Final
 2020-01-16 16:42:09  [ HotSwapWatcher:240587 ] - [ INFO ] method:io.undertow.websockets.jsr.ServerWebSocketContainer.addEndpointInternal(ServerWebSocketContainer.java:633)
UT026003: Adding annotated server endpoint class com.xiaosong.common.api.websocket.WebSocketEndPoint for path /visitor/chat
 2020-01-16 16:42:09  [ HotSwapWatcher:240872 ] - [ INFO ] method:com.alibaba.druid.pool.DruidDataSource.init(DruidDataSource.java:785)
{dataSource-2} inited
 2020-01-16 16:43:23  [ main:0 ] - [ INFO ] method:io.undertow.websockets.jsr.ServerWebSocketContainer.addEndpointInternal(ServerWebSocketContainer.java:633)
UT026003: Adding annotated server endpoint class com.xiaosong.common.api.websocket.WebSocketEndPoint for path /visitor/chat
 2020-01-16 16:43:24  [ main:1036 ] - [ INFO ] method:com.alibaba.druid.pool.DruidDataSource.init(DruidDataSource.java:785)
{dataSource-1} inited
 2020-01-16 16:43:30  [ main:7156 ] - [ INFO ] method:io.undertow.Undertow.start(Undertow.java:117)
starting server: Undertow - 2.0.28.Final
 2020-01-16 16:43:30  [ main:7170 ] - [ INFO ] method:org.xnio.Xnio.<clinit>(Xnio.java:104)
XNIO version 3.3.8.Final
 2020-01-16 16:43:30  [ main:7189 ] - [ INFO ] method:org.xnio.nio.NioXnio.<clinit>(NioXnio.java:55)
XNIO NIO Implementation Version 3.3.8.Final
 